[debug] [2026-06-16T12:24:43.189Z] ----------------------------------------------------------------------
[debug] [2026-06-16T12:24:43.201Z] Command:       C:\nvm4w\nodejs\node.exe C:\Users\PC GaMeR\AppData\Roaming\npm\node_modules\firebase-tools\lib\bin\firebase.js deploy --only functions
[debug] [2026-06-16T12:24:43.201Z] CLI Version:   15.20.0
[debug] [2026-06-16T12:24:43.201Z] Platform:      win32
[debug] [2026-06-16T12:24:43.201Z] Node Version:  v22.19.0
[debug] [2026-06-16T12:24:43.201Z] Time:          Tue Jun 16 2026 09:24:43 GMT-0300 (Horário Padrão de Brasília)
[debug] [2026-06-16T12:24:43.202Z] ----------------------------------------------------------------------
[debug] 
[debug] [2026-06-16T12:24:46.640Z] > command requires scopes: ["email","openid","https://www.googleapis.com/auth/cloudplatformprojects.readonly","https://www.googleapis.com/auth/firebase","https://www.googleapis.com/auth/cloud-platform"]
[debug] [2026-06-16T12:24:46.640Z] > authorizing via signed-in user (crofoltvideo@gmail.com)
[debug] [2026-06-16T12:24:46.641Z] [iam] checking project cuidar-proximo-e6d51 for permissions ["cloudfunctions.functions.create","cloudfunctions.functions.delete","cloudfunctions.functions.get","cloudfunctions.functions.list","cloudfunctions.functions.update","cloudfunctions.operations.get","firebase.projects.get"]
[debug] [2026-06-16T12:24:46.642Z] Checked if tokens are valid: false, expires at: 1781573855600
[debug] [2026-06-16T12:24:46.642Z] Checked if tokens are valid: false, expires at: 1781573855600
[debug] [2026-06-16T12:24:46.642Z] > refreshing access token with scopes: []
[debug] [2026-06-16T12:24:46.644Z] >>> [apiv2][query] POST https://www.googleapis.com/oauth2/v3/token [none]
[debug] [2026-06-16T12:24:46.644Z] >>> [apiv2][body] POST https://www.googleapis.com/oauth2/v3/token [omitted]
[debug] [2026-06-16T12:24:46.893Z] <<< [apiv2][status] POST https://www.googleapis.com/oauth2/v3/token 200
[debug] [2026-06-16T12:24:46.893Z] <<< [apiv2][body] POST https://www.googleapis.com/oauth2/v3/token [omitted]
[debug] [2026-06-16T12:24:46.901Z] >>> [apiv2][query] POST https://cloudresourcemanager.googleapis.com/v1/projects/cuidar-proximo-e6d51:testIamPermissions [none]
[debug] [2026-06-16T12:24:46.902Z] >>> [apiv2][(partial)header] POST https://cloudresourcemanager.googleapis.com/v1/projects/cuidar-proximo-e6d51:testIamPermissions  x-goog-user-project=cuidar-proximo-e6d51
[debug] [2026-06-16T12:24:46.902Z] >>> [apiv2][body] POST https://cloudresourcemanager.googleapis.com/v1/projects/cuidar-proximo-e6d51:testIamPermissions {"permissions":["cloudfunctions.functions.create","cloudfunctions.functions.delete","cloudfunctions.functions.get","cloudfunctions.functions.list","cloudfunctions.functions.update","cloudfunctions.operations.get","firebase.projects.get"]}
[debug] [2026-06-16T12:24:47.207Z] <<< [apiv2][status] POST https://cloudresourcemanager.googleapis.com/v1/projects/cuidar-proximo-e6d51:testIamPermissions 200
[debug] [2026-06-16T12:24:47.208Z] <<< [apiv2][body] POST https://cloudresourcemanager.googleapis.com/v1/projects/cuidar-proximo-e6d51:testIamPermissions {"permissions":["cloudfunctions.functions.create","cloudfunctions.functions.delete","cloudfunctions.functions.get","cloudfunctions.functions.list","cloudfunctions.functions.update","cloudfunctions.operations.get","firebase.projects.get"]}
[debug] [2026-06-16T12:24:47.208Z] Checked if tokens are valid: true, expires at: 1781616285894
[debug] [2026-06-16T12:24:47.208Z] Checked if tokens are valid: true, expires at: 1781616285894
[debug] [2026-06-16T12:24:47.208Z] >>> [apiv2][query] POST https://iam.googleapis.com/v1/projects/cuidar-proximo-e6d51/serviceAccounts/cuidar-proximo-e6d51@appspot.gserviceaccount.com:testIamPermissions [none]
[debug] [2026-06-16T12:24:47.208Z] >>> [apiv2][body] POST https://iam.googleapis.com/v1/projects/cuidar-proximo-e6d51/serviceAccounts/cuidar-proximo-e6d51@appspot.gserviceaccount.com:testIamPermissions {"permissions":["iam.serviceAccounts.actAs"]}
[debug] [2026-06-16T12:24:48.221Z] <<< [apiv2][status] POST https://iam.googleapis.com/v1/projects/cuidar-proximo-e6d51/serviceAccounts/cuidar-proximo-e6d51@appspot.gserviceaccount.com:testIamPermissions 200
[debug] [2026-06-16T12:24:48.221Z] <<< [apiv2][body] POST https://iam.googleapis.com/v1/projects/cuidar-proximo-e6d51/serviceAccounts/cuidar-proximo-e6d51@appspot.gserviceaccount.com:testIamPermissions {"permissions":["iam.serviceAccounts.actAs"]}
[info] 
[info] === Deploying to 'cuidar-proximo-e6d51'...
[info] 
[info] i  deploying functions 
[info] +  functions: Finished running predeploy script. 
[debug] [2026-06-16T12:24:48.225Z] Checked if tokens are valid: true, expires at: 1781616285894
[debug] [2026-06-16T12:24:48.225Z] Checked if tokens are valid: true, expires at: 1781616285894
[debug] [2026-06-16T12:24:48.225Z] >>> [apiv2][query] GET https://cloudresourcemanager.googleapis.com/v1/projects/cuidar-proximo-e6d51 [none]
[debug] [2026-06-16T12:24:48.435Z] <<< [apiv2][status] GET https://cloudresourcemanager.googleapis.com/v1/projects/cuidar-proximo-e6d51 200
[debug] [2026-06-16T12:24:48.435Z] <<< [apiv2][body] GET https://cloudresourcemanager.googleapis.com/v1/projects/cuidar-proximo-e6d51 {"projectNumber":"879103597653","projectId":"cuidar-proximo-e6d51","lifecycleState":"ACTIVE","name":"Cuidar Proximo","labels":{"firebase":"enabled","firebase-core":"disabled"},"createTime":"2026-04-23T20:08:52.583Z"}
[info] i  functions: preparing codebase default for deployment 
[info] i  functions: ensuring required API cloudfunctions.googleapis.com is enabled... 
[info] i  functions: ensuring required API cloudbuild.googleapis.com is enabled... 
[info] i  artifactregistry: ensuring required API artifactregistry.googleapis.com is enabled... 
[debug] [2026-06-16T12:24:48.438Z] Checked if tokens are valid: true, expires at: 1781616285894
[debug] [2026-06-16T12:24:48.438Z] Checked if tokens are valid: true, expires at: 1781616285894
[debug] [2026-06-16T12:24:48.438Z] >>> [apiv2][query] GET https://firebase.googleapis.com/v1beta1/projects/cuidar-proximo-e6d51/adminSdkConfig [none]
[debug] [2026-06-16T12:24:48.885Z] <<< [apiv2][status] GET https://firebase.googleapis.com/v1beta1/projects/cuidar-proximo-e6d51/adminSdkConfig 200
[debug] [2026-06-16T12:24:48.885Z] <<< [apiv2][body] GET https://firebase.googleapis.com/v1beta1/projects/cuidar-proximo-e6d51/adminSdkConfig {"projectId":"cuidar-proximo-e6d51","storageBucket":"cuidar-proximo-e6d51.firebasestorage.app"}
[debug] [2026-06-16T12:24:48.887Z] Validating nodejs source
[debug] [2026-06-16T12:24:50.797Z] > [functions] package.json contents: {
  "name": "functions",
  "description": "Cloud Functions for Firebase",
  "scripts": {
    "lint": "eslint .",
    "serve": "firebase emulators:start --only functions",
    "shell": "firebase functions:shell",
    "start": "npm run shell",
    "deploy": "firebase deploy --only functions",
    "logs": "firebase functions:log"
  },
  "engines": {
    "node": "22"
  },
  "main": "index.js",
  "dependencies": {
    "firebase-admin": "^13.6.0",
    "firebase-functions": "^7.0.0",
    "mercadopago": "^3.1.0"
  },
  "devDependencies": {
    "eslint": "^8.57.1",
    "eslint-config-google": "^0.14.0",
    "firebase-functions-test": "^3.4.1"
  },
  "private": true
}
[debug] [2026-06-16T12:24:50.797Z] Building nodejs source
[info] i  functions: Loading and analyzing source code for codebase default to determine what to deploy 
[debug] [2026-06-16T12:24:50.798Z] Could not find functions.yaml. Must use http discovery
[debug] [2026-06-16T12:24:50.811Z] Found firebase-functions binary at 'D:\APKS\CuidarProximo\functions\node_modules\.bin\firebase-functions'
[info] Serving at port 8482

[debug] [2026-06-16T12:24:52.255Z] Got response from /__/functions.yaml {"endpoints":{"criarPreference":{"availableMemoryMb":null,"timeoutSeconds":null,"minInstances":null,"maxInstances":null,"ingressSettings":null,"concurrency":null,"serviceAccountEmail":null,"vpc":null,"platform":"gcfv2","secretEnvironmentVariables":[{"key":"MP_ACCESS_TOKEN"}],"labels":{},"callableTrigger":{},"entryPoint":"criarPreference"},"criarPagamentoMarketplace":{"availableMemoryMb":null,"timeoutSeconds":null,"minInstances":null,"maxInstances":null,"ingressSettings":null,"concurrency":null,"serviceAccountEmail":null,"vpc":null,"platform":"gcfv2","secretEnvironmentVariables":[{"key":"MP_ACCESS_TOKEN"}],"labels":{},"callableTrigger":{},"entryPoint":"criarPagamentoMarketplace"},"verificarStatusPagamento":{"availableMemoryMb":null,"timeoutSeconds":null,"minInstances":null,"maxInstances":null,"ingressSettings":null,"concurrency":null,"serviceAccountEmail":null,"vpc":null,"platform":"gcfv2","secretEnvironmentVariables":[{"key":"MP_ACCESS_TOKEN"}],"labels":{},"callableTrigger":{},"entryPoint":"verificarStatusPagamento"},"criarPreferenceHTTP":{"availableMemoryMb":null,"timeoutSeconds":null,"minInstances":null,"maxInstances":null,"ingressSettings":null,"concurrency":null,"serviceAccountEmail":null,"vpc":null,"platform":"gcfv2","secretEnvironmentVariables":[{"key":"MP_ACCESS_TOKEN"}],"labels":{},"httpsTrigger":{},"entryPoint":"criarPreferenceHTTP"}},"specVersion":"v1alpha1","requiredAPIs":[],"extensions":{},"params":[{"type":"secret","name":"MP_ACCESS_TOKEN"}]}
[debug] [2026-06-16T12:24:56.288Z] Checked if tokens are valid: true, expires at: 1781616285894
[debug] [2026-06-16T12:24:56.289Z] Checked if tokens are valid: true, expires at: 1781616285894
[debug] [2026-06-16T12:24:56.289Z] >>> [apiv2][query] GET https://cloudfunctions.googleapis.com/v1/projects/cuidar-proximo-e6d51/locations/-/functions [none]
[debug] [2026-06-16T12:24:57.498Z] <<< [apiv2][status] GET https://cloudfunctions.googleapis.com/v1/projects/cuidar-proximo-e6d51/locations/-/functions 200
[debug] [2026-06-16T12:24:57.498Z] <<< [apiv2][body] GET https://cloudfunctions.googleapis.com/v1/projects/cuidar-proximo-e6d51/locations/-/functions {}
[debug] [2026-06-16T12:24:57.498Z] Checked if tokens are valid: true, expires at: 1781616285894
[debug] [2026-06-16T12:24:57.498Z] Checked if tokens are valid: true, expires at: 1781616285894
[debug] [2026-06-16T12:24:57.499Z] >>> [apiv2][query] GET https://cloudfunctions.googleapis.com/v2/projects/cuidar-proximo-e6d51/locations/-/functions filter=environment%3D%22GEN_2%22
[debug] [2026-06-16T12:24:58.863Z] <<< [apiv2][status] GET https://cloudfunctions.googleapis.com/v2/projects/cuidar-proximo-e6d51/locations/-/functions 200
[debug] [2026-06-16T12:24:58.863Z] <<< [apiv2][body] GET https://cloudfunctions.googleapis.com/v2/projects/cuidar-proximo-e6d51/locations/-/functions {"functions":[{"name":"projects/cuidar-proximo-e6d51/locations/us-central1/functions/verificarStatusPagamento","buildConfig":{"build":"projects/879103597653/locations/us-central1/builds/97f4c056-dcd7-4ea4-935e-7afdf2ec8e79","runtime":"nodejs22","entryPoint":"verificarStatusPagamento","source":{"storageSource":{"bucket":"gcf-v2-sources-879103597653-us-central1","object":"verificarStatusPagamento/function-source.zip","generation":"1781571478488224"}},"environmentVariables":{"GOOGLE_NODE_RUN_SCRIPTS":""},"dockerRepository":"projects/cuidar-proximo-e6d51/locations/us-central1/repositories/gcf-artifacts","sourceProvenance":{"resolvedStorageSource":{"bucket":"gcf-v2-sources-879103597653-us-central1","object":"verificarStatusPagamento/function-source.zip","generation":"1781571478488224"}},"dockerRegistry":"ARTIFACT_REGISTRY","serviceAccount":"projects/cuidar-proximo-e6d51/serviceAccounts/879103597653-compute@developer.gserviceaccount.com","automaticUpdatePolicy":{}},"serviceConfig":{"service":"projects/cuidar-proximo-e6d51/locations/us-central1/services/verificarstatuspagamento","timeoutSeconds":60,"environmentVariables":{"FIREBASE_CONFIG":"{\"projectId\":\"cuidar-proximo-e6d51\",\"storageBucket\":\"cuidar-proximo-e6d51.firebasestorage.app\"}","GCLOUD_PROJECT":"cuidar-proximo-e6d51","EVENTARC_CLOUD_EVENT_SOURCE":"projects/cuidar-proximo-e6d51/locations/us-central1/services/verificarStatusPagamento","FUNCTION_TARGET":"verificarStatusPagamento","LOG_EXECUTION_ID":"true","FUNCTION_SIGNATURE_TYPE":"http"},"maxInstanceCount":20,"ingressSettings":"ALLOW_ALL","uri":"https://verificarstatuspagamento-uvmyoern6q-uc.a.run.app","serviceAccountEmail":"879103597653-compute@developer.gserviceaccount.com","availableMemory":"256Mi","allTrafficOnLatestRevision":true,"secretEnvironmentVariables":[{"key":"MP_ACCESS_TOKEN","projectId":"cuidar-proximo-e6d51","secret":"MP_ACCESS_TOKEN","version":"2"}],"revision":"verificarstatuspagamento-00006-rub","maxInstanceRequestConcurrency":80,"availableCpu":"1"},"state":"ACTIVE","updateTime":"2026-06-16T00:58:20.869515877Z","labels":{"deployment-tool":"cli-firebase","deployment-callable":"true","firebase-functions-hash":"f95caac4c9cca97689dccbf218013972982cf5ff"},"environment":"GEN_2","url":"https://us-central1-cuidar-proximo-e6d51.cloudfunctions.net/verificarStatusPagamento","createTime":"2026-06-12T16:29:48.429545889Z","satisfiesPzi":true},{"name":"projects/cuidar-proximo-e6d51/locations/us-central1/functions/criarPreferenceHTTP","buildConfig":{"build":"projects/879103597653/locations/us-central1/builds/97f4c056-dcd7-4ea4-935e-7afdf2ec8e79","runtime":"nodejs22","entryPoint":"criarPreferenceHTTP","source":{"storageSource":{"bucket":"gcf-v2-sources-879103597653-us-central1","object":"criarPreferenceHTTP/function-source.zip","generation":"1781571478378359"}},"environmentVariables":{"GOOGLE_NODE_RUN_SCRIPTS":""},"dockerRepository":"projects/cuidar-proximo-e6d51/locations/us-central1/repositories/gcf-artifacts","sourceProvenance":{"resolvedStorageSource":{"bucket":"gcf-v2-sources-879103597653-us-central1","object":"criarPreferenceHTTP/function-source.zip","generation":"1781571478378359"}},"dockerRegistry":"ARTIFACT_REGISTRY","serviceAccount":"projects/cuidar-proximo-e6d51/serviceAccounts/879103597653-compute@developer.gserviceaccount.com","automaticUpdatePolicy":{}},"serviceConfig":{"service":"projects/cuidar-proximo-e6d51/locations/us-central1/services/criarpreferencehttp","timeoutSeconds":60,"environmentVariables":{"FIREBASE_CONFIG":"{\"projectId\":\"cuidar-proximo-e6d51\",\"storageBucket\":\"cuidar-proximo-e6d51.firebasestorage.app\"}","GCLOUD_PROJECT":"cuidar-proximo-e6d51","EVENTARC_CLOUD_EVENT_SOURCE":"projects/cuidar-proximo-e6d51/locations/us-central1/services/criarPreferenceHTTP","FUNCTION_TARGET":"criarPreferenceHTTP","LOG_EXECUTION_ID":"true","FUNCTION_SIGNATURE_TYPE":"http"},"maxInstanceCount":20,"ingressSettings":"ALLOW_ALL","uri":"https://criarpreferencehttp-uvmyoern6q-uc.a.run.app","serviceAccountEmail":"879103597653-compute@developer.gserviceaccount.com","availableMemory":"256Mi","allTrafficOnLatestRevision":true,"secretEnvironmentVariables":[{"key":"MP_ACCESS_TOKEN","projectId":"cuidar-proximo-e6d51","secret":"MP_ACCESS_TOKEN","version":"2"}],"revision":"criarpreferencehttp-00008-low","maxInstanceRequestConcurrency":80,"availableCpu":"1"},"state":"ACTIVE","updateTime":"2026-06-16T00:58:19.851967476Z","labels":{"firebase-functions-hash":"f95caac4c9cca97689dccbf218013972982cf5ff","deployment-tool":"cli-firebase"},"environment":"GEN_2","url":"https://us-central1-cuidar-proximo-e6d51.cloudfunctions.net/criarPreferenceHTTP","createTime":"2026-06-04T20:19:44.010765327Z","satisfiesPzi":true},{"name":"projects/cuidar-proximo-e6d51/locations/us-central1/functions/criarPreference","buildConfig":{"build":"projects/879103597653/locations/us-central1/builds/97f4c056-dcd7-4ea4-935e-7afdf2ec8e79","runtime":"nodejs22","entryPoint":"criarPreference","source":{"storageSource":{"bucket":"gcf-v2-sources-879103597653-us-central1","object":"criarPreference/function-source.zip","generation":"1781571433519362"}},"environmentVariables":{"GOOGLE_NODE_RUN_SCRIPTS":""},"dockerRepository":"projects/cuidar-proximo-e6d51/locations/us-central1/repositories/gcf-artifacts","sourceProvenance":{"resolvedStorageSource":{"bucket":"gcf-v2-sources-879103597653-us-central1","object":"criarPreference/function-source.zip","generation":"1781571433519362"}},"dockerRegistry":"ARTIFACT_REGISTRY","serviceAccount":"projects/cuidar-proximo-e6d51/serviceAccounts/879103597653-compute@developer.gserviceaccount.com","automaticUpdatePolicy":{}},"serviceConfig":{"service":"projects/cuidar-proximo-e6d51/locations/us-central1/services/criarpreference","timeoutSeconds":60,"environmentVariables":{"FIREBASE_CONFIG":"{\"projectId\":\"cuidar-proximo-e6d51\",\"storageBucket\":\"cuidar-proximo-e6d51.firebasestorage.app\"}","GCLOUD_PROJECT":"cuidar-proximo-e6d51","EVENTARC_CLOUD_EVENT_SOURCE":"projects/cuidar-proximo-e6d51/locations/us-central1/services/criarPreference","FUNCTION_TARGET":"criarPreference","LOG_EXECUTION_ID":"true","FUNCTION_SIGNATURE_TYPE":"http"},"maxInstanceCount":20,"ingressSettings":"ALLOW_ALL","uri":"https://criarpreference-uvmyoern6q-uc.a.run.app","serviceAccountEmail":"879103597653-compute@developer.gserviceaccount.com","availableMemory":"256Mi","allTrafficOnLatestRevision":true,"secretEnvironmentVariables":[{"key":"MP_ACCESS_TOKEN","projectId":"cuidar-proximo-e6d51","secret":"MP_ACCESS_TOKEN","version":"2"}],"revision":"criarpreference-00010-fiy","maxInstanceRequestConcurrency":80,"availableCpu":"1"},"state":"ACTIVE","updateTime":"2026-06-16T00:57:56.359590496Z","labels":{"deployment-tool":"cli-firebase","deployment-callable":"true","firebase-functions-hash":"f95caac4c9cca97689dccbf218013972982cf5ff"},"environment":"GEN_2","url":"https://us-central1-cuidar-proximo-e6d51.cloudfunctions.net/criarPreference","createTime":"2026-06-04T20:05:35.731945245Z","satisfiesPzi":true},{"name":"projects/cuidar-proximo-e6d51/locations/us-central1/functions/criarPagamentoPix","buildConfig":{"build":"projects/879103597653/locations/us-central1/builds/97f4c056-dcd7-4ea4-935e-7afdf2ec8e79","runtime":"nodejs22","entryPoint":"criarPagamentoPix","source":{"storageSource":{"bucket":"gcf-v2-sources-879103597653-us-central1","object":"criarPagamentoPix/function-source.zip","generation":"1781571478364763"}},"environmentVariables":{"GOOGLE_NODE_RUN_SCRIPTS":""},"dockerRepository":"projects/cuidar-proximo-e6d51/locations/us-central1/repositories/gcf-artifacts","sourceProvenance":{"resolvedStorageSource":{"bucket":"gcf-v2-sources-879103597653-us-central1","object":"criarPagamentoPix/function-source.zip","generation":"1781571478364763"}},"dockerRegistry":"ARTIFACT_REGISTRY","serviceAccount":"projects/cuidar-proximo-e6d51/serviceAccounts/879103597653-compute@developer.gserviceaccount.com","automaticUpdatePolicy":{}},"serviceConfig":{"service":"projects/cuidar-proximo-e6d51/locations/us-central1/services/criarpagamentopix","timeoutSeconds":60,"environmentVariables":{"FIREBASE_CONFIG":"{\"projectId\":\"cuidar-proximo-e6d51\",\"storageBucket\":\"cuidar-proximo-e6d51.firebasestorage.app\"}","GCLOUD_PROJECT":"cuidar-proximo-e6d51","EVENTARC_CLOUD_EVENT_SOURCE":"projects/cuidar-proximo-e6d51/locations/us-central1/services/criarPagamentoPix","FUNCTION_TARGET":"criarPagamentoPix","LOG_EXECUTION_ID":"true","FUNCTION_SIGNATURE_TYPE":"http"},"maxInstanceCount":20,"ingressSettings":"ALLOW_ALL","uri":"https://criarpagamentopix-uvmyoern6q-uc.a.run.app","serviceAccountEmail":"879103597653-compute@developer.gserviceaccount.com","availableMemory":"256Mi","allTrafficOnLatestRevision":true,"secretEnvironmentVariables":[{"key":"MP_ACCESS_TOKEN","projectId":"cuidar-proximo-e6d51","secret":"MP_ACCESS_TOKEN","version":"2"}],"revision":"criarpagamentopix-00006-vex","maxInstanceRequestConcurrency":80,"availableCpu":"1"},"state":"ACTIVE","updateTime":"2026-06-16T00:58:24.682761068Z","labels":{"firebase-functions-hash":"f95caac4c9cca97689dccbf218013972982cf5ff","deployment-tool":"cli-firebase","deployment-callable":"true"},"environment":"GEN_2","url":"https://us-central1-cuidar-proximo-e6d51.cloudfunctions.net/criarPagamentoPix","createTime":"2026-06-12T16:28:53.343512030Z","satisfiesPzi":true}]}
[info] i  extensions: ensuring required API firebaseextensions.googleapis.com is enabled... 
[debug] [2026-06-16T12:24:58.865Z] > command requires scopes: ["email","openid","https://www.googleapis.com/auth/cloudplatformprojects.readonly","https://www.googleapis.com/auth/firebase","https://www.googleapis.com/auth/cloud-platform"]
[debug] [2026-06-16T12:24:58.865Z] > authorizing via signed-in user (crofoltvideo@gmail.com)
[debug] [2026-06-16T12:24:58.865Z] [iam] checking project cuidar-proximo-e6d51 for permissions ["firebase.projects.get","firebaseextensions.instances.list"]
[debug] [2026-06-16T12:24:58.865Z] Checked if tokens are valid: true, expires at: 1781616285894
[debug] [2026-06-16T12:24:58.865Z] Checked if tokens are valid: true, expires at: 1781616285894
[debug] [2026-06-16T12:24:58.865Z] >>> [apiv2][query] POST https://cloudresourcemanager.googleapis.com/v1/projects/cuidar-proximo-e6d51:testIamPermissions [none]
[debug] [2026-06-16T12:24:58.865Z] >>> [apiv2][(partial)header] POST https://cloudresourcemanager.googleapis.com/v1/projects/cuidar-proximo-e6d51:testIamPermissions  x-goog-user-project=cuidar-proximo-e6d51
[debug] [2026-06-16T12:24:58.865Z] >>> [apiv2][body] POST https://cloudresourcemanager.googleapis.com/v1/projects/cuidar-proximo-e6d51:testIamPermissions {"permissions":["firebase.projects.get","firebaseextensions.instances.list"]}
[debug] [2026-06-16T12:24:59.121Z] <<< [apiv2][status] POST https://cloudresourcemanager.googleapis.com/v1/projects/cuidar-proximo-e6d51:testIamPermissions 200
[debug] [2026-06-16T12:24:59.121Z] <<< [apiv2][body] POST https://cloudresourcemanager.googleapis.com/v1/projects/cuidar-proximo-e6d51:testIamPermissions {"permissions":["firebase.projects.get","firebaseextensions.instances.list"]}
[debug] [2026-06-16T12:24:59.122Z] Checked if tokens are valid: true, expires at: 1781616285894
[debug] [2026-06-16T12:24:59.122Z] Checked if tokens are valid: true, expires at: 1781616285894
[debug] [2026-06-16T12:24:59.122Z] >>> [apiv2][query] GET https://firebaseextensions.googleapis.com/v1beta/projects/cuidar-proximo-e6d51/instances pageSize=100&pageToken=
[debug] [2026-06-16T12:25:00.344Z] <<< [apiv2][status] GET https://firebaseextensions.googleapis.com/v1beta/projects/cuidar-proximo-e6d51/instances 200
[debug] [2026-06-16T12:25:00.345Z] <<< [apiv2][body] GET https://firebaseextensions.googleapis.com/v1beta/projects/cuidar-proximo-e6d51/instances {}
[debug] [2026-06-16T12:25:00.346Z] Checked if tokens are valid: true, expires at: 1781616285894
[debug] [2026-06-16T12:25:00.346Z] Checked if tokens are valid: true, expires at: 1781616285894
[debug] [2026-06-16T12:25:00.346Z] >>> [apiv2][query] GET https://secretmanager.googleapis.com/v1/projects/cuidar-proximo-e6d51/secrets/MP_ACCESS_TOKEN [none]
[debug] [2026-06-16T12:25:00.992Z] <<< [apiv2][status] GET https://secretmanager.googleapis.com/v1/projects/cuidar-proximo-e6d51/secrets/MP_ACCESS_TOKEN 200
[debug] [2026-06-16T12:25:00.992Z] <<< [apiv2][body] GET https://secretmanager.googleapis.com/v1/projects/cuidar-proximo-e6d51/secrets/MP_ACCESS_TOKEN {"name":"projects/879103597653/secrets/MP_ACCESS_TOKEN","replication":{"automatic":{}},"createTime":"2026-06-12T16:41:00.453938Z","labels":{"firebase-managed":"functions"},"etag":"\"165411246709a3\""}
[debug] [2026-06-16T12:25:00.992Z] Checked if tokens are valid: true, expires at: 1781616285894
[debug] [2026-06-16T12:25:00.992Z] Checked if tokens are valid: true, expires at: 1781616285894
[debug] [2026-06-16T12:25:00.992Z] >>> [apiv2][query] GET https://secretmanager.googleapis.com/v1/projects/cuidar-proximo-e6d51/secrets/MP_ACCESS_TOKEN/versions/latest [none]
[debug] [2026-06-16T12:25:01.365Z] <<< [apiv2][status] GET https://secretmanager.googleapis.com/v1/projects/cuidar-proximo-e6d51/secrets/MP_ACCESS_TOKEN/versions/latest 200
[debug] [2026-06-16T12:25:01.365Z] <<< [apiv2][body] GET https://secretmanager.googleapis.com/v1/projects/cuidar-proximo-e6d51/secrets/MP_ACCESS_TOKEN/versions/latest {"name":"projects/879103597653/secrets/MP_ACCESS_TOKEN/versions/2","createTime":"2026-06-12T16:43:17.324353Z","state":"ENABLED","replicationStatus":{"automatic":{}},"etag":"\"1654112c754641\""}
[info] i  functions: preparing functions directory for uploading... 
[info] i  functions: packaged D:\APKS\CuidarProximo\functions (81.45 KB) for uploading 
[info] i  functions: ensuring required API run.googleapis.com is enabled... 
[info] i  functions: ensuring required API eventarc.googleapis.com is enabled... 
[info] i  functions: ensuring required API pubsub.googleapis.com is enabled... 
[info] i  functions: ensuring required API storage.googleapis.com is enabled... 
[info] i  functions: generating the service identity for pubsub.googleapis.com... 
[debug] [2026-06-16T12:25:01.409Z] Checked if tokens are valid: true, expires at: 1781616285894
[debug] [2026-06-16T12:25:01.409Z] Checked if tokens are valid: true, expires at: 1781616285894
[info] i  functions: generating the service identity for eventarc.googleapis.com... 
[debug] [2026-06-16T12:25:01.409Z] Checked if tokens are valid: true, expires at: 1781616285894
[debug] [2026-06-16T12:25:01.409Z] Checked if tokens are valid: true, expires at: 1781616285894
[debug] [2026-06-16T12:25:01.409Z] >>> [apiv2][query] POST https://serviceusage.googleapis.com/v1beta1/projects/879103597653/services/pubsub.googleapis.com:generateServiceIdentity [none]
[debug] [2026-06-16T12:25:01.409Z] >>> [apiv2][(partial)header] POST https://serviceusage.googleapis.com/v1beta1/projects/879103597653/services/pubsub.googleapis.com:generateServiceIdentity  x-goog-user-project=879103597653
[debug] [2026-06-16T12:25:01.409Z] >>> [apiv2][body] POST https://serviceusage.googleapis.com/v1beta1/projects/879103597653/services/pubsub.googleapis.com:generateServiceIdentity {}
[debug] [2026-06-16T12:25:01.411Z] >>> [apiv2][query] POST https://serviceusage.googleapis.com/v1beta1/projects/879103597653/services/eventarc.googleapis.com:generateServiceIdentity [none]
[debug] [2026-06-16T12:25:01.411Z] >>> [apiv2][(partial)header] POST https://serviceusage.googleapis.com/v1beta1/projects/879103597653/services/eventarc.googleapis.com:generateServiceIdentity  x-goog-user-project=879103597653
[debug] [2026-06-16T12:25:01.411Z] >>> [apiv2][body] POST https://serviceusage.googleapis.com/v1beta1/projects/879103597653/services/eventarc.googleapis.com:generateServiceIdentity {}
[debug] [2026-06-16T12:25:02.573Z] <<< [apiv2][status] POST https://serviceusage.googleapis.com/v1beta1/projects/879103597653/services/pubsub.googleapis.com:generateServiceIdentity 200
[debug] [2026-06-16T12:25:02.574Z] <<< [apiv2][body] POST https://serviceusage.googleapis.com/v1beta1/projects/879103597653/services/pubsub.googleapis.com:generateServiceIdentity {"name":"operations/finished.DONE_OPERATION","done":true,"response":{"@type":"type.googleapis.com/google.api.serviceusage.v1beta1.ServiceIdentity","email":"service-879103597653@gcp-sa-pubsub.iam.gserviceaccount.com","uniqueId":"101296256914023699532"}}
[debug] [2026-06-16T12:25:02.576Z] <<< [apiv2][status] POST https://serviceusage.googleapis.com/v1beta1/projects/879103597653/services/eventarc.googleapis.com:generateServiceIdentity 200
[debug] [2026-06-16T12:25:02.576Z] <<< [apiv2][body] POST https://serviceusage.googleapis.com/v1beta1/projects/879103597653/services/eventarc.googleapis.com:generateServiceIdentity {"name":"operations/finished.DONE_OPERATION","done":true,"response":{"@type":"type.googleapis.com/google.api.serviceusage.v1beta1.ServiceIdentity","email":"service-879103597653@gcp-sa-eventarc.iam.gserviceaccount.com","uniqueId":"106205366654401513925"}}
[info] i  functions: ensuring required API secretmanager.googleapis.com is enabled... 
[debug] [2026-06-16T12:25:02.578Z] Checked if tokens are valid: true, expires at: 1781616285894
[debug] [2026-06-16T12:25:02.578Z] Checked if tokens are valid: true, expires at: 1781616285894
[debug] [2026-06-16T12:25:02.579Z] >>> [apiv2][query] GET https://secretmanager.googleapis.com/v1/projects/cuidar-proximo-e6d51/secrets/MP_ACCESS_TOKEN/versions/latest [none]
[debug] [2026-06-16T12:25:02.862Z] <<< [apiv2][status] GET https://secretmanager.googleapis.com/v1/projects/cuidar-proximo-e6d51/secrets/MP_ACCESS_TOKEN/versions/latest 200
[debug] [2026-06-16T12:25:02.862Z] <<< [apiv2][body] GET https://secretmanager.googleapis.com/v1/projects/cuidar-proximo-e6d51/secrets/MP_ACCESS_TOKEN/versions/latest {"name":"projects/879103597653/secrets/MP_ACCESS_TOKEN/versions/2","createTime":"2026-06-12T16:43:17.324353Z","state":"ENABLED","replicationStatus":{"automatic":{}},"etag":"\"1654112c754641\""}
[debug] [2026-06-16T12:25:02.862Z] Resolved secret version of MP_ACCESS_TOKEN to 2.
[debug] [2026-06-16T12:25:02.863Z] Checked if tokens are valid: true, expires at: 1781616285894
[debug] [2026-06-16T12:25:02.863Z] Checked if tokens are valid: true, expires at: 1781616285894
[debug] [2026-06-16T12:25:02.863Z] >>> [apiv2][query] GET https://cloudresourcemanager.googleapis.com/v1/projects/cuidar-proximo-e6d51 [none]
[debug] [2026-06-16T12:25:03.067Z] <<< [apiv2][status] GET https://cloudresourcemanager.googleapis.com/v1/projects/cuidar-proximo-e6d51 200
[debug] [2026-06-16T12:25:03.068Z] <<< [apiv2][body] GET https://cloudresourcemanager.googleapis.com/v1/projects/cuidar-proximo-e6d51 {"projectNumber":"879103597653","projectId":"cuidar-proximo-e6d51","lifecycleState":"ACTIVE","name":"Cuidar Proximo","labels":{"firebase":"enabled","firebase-core":"disabled"},"createTime":"2026-04-23T20:08:52.583Z"}
[debug] [2026-06-16T12:25:03.068Z] Checked if tokens are valid: true, expires at: 1781616285894
[debug] [2026-06-16T12:25:03.068Z] Checked if tokens are valid: true, expires at: 1781616285894
[debug] [2026-06-16T12:25:03.068Z] >>> [apiv2][query] GET https://compute.googleapis.com/compute/v1/projects/879103597653 [none]
[debug] [2026-06-16T12:25:04.315Z] <<< [apiv2][status] GET https://compute.googleapis.com/compute/v1/projects/879103597653 403
[debug] [2026-06-16T12:25:04.315Z] <<< [apiv2][body] GET https://compute.googleapis.com/compute/v1/projects/879103597653 {"error":{"code":403,"message":"Compute Engine API has not been used in project 879103597653 before or it is disabled. Enable it by visiting https://console.developers.google.com/apis/api/compute.googleapis.com/overview?project=879103597653 then retry. If you enabled this API recently, wait a few minutes for the action to propagate to our systems and retry.","errors":[{"message":"Compute Engine API has not been used in project 879103597653 before or it is disabled. Enable it by visiting https://console.developers.google.com/apis/api/compute.googleapis.com/overview?project=879103597653 then retry. If you enabled this API recently, wait a few minutes for the action to propagate to our systems and retry.","domain":"usageLimits","reason":"accessNotConfigured","extendedHelp":"https://console.developers.google.com"}],"status":"PERMISSION_DENIED","details":[{"@type":"type.googleapis.com/google.rpc.ErrorInfo","reason":"SERVICE_DISABLED","domain":"googleapis.com","metadata":{"service":"compute.googleapis.com","containerInfo":"879103597653","activationUrl":"https://console.developers.google.com/apis/api/compute.googleapis.com/overview?project=879103597653","consumer":"projects/879103597653","serviceTitle":"Compute Engine API"}},{"@type":"type.googleapis.com/google.rpc.LocalizedMessage","locale":"en-US","message":"Compute Engine API has not been used in project 879103597653 before or it is disabled. Enable it by visiting https://console.developers.google.com/apis/api/compute.googleapis.com/overview?project=879103597653 then retry. If you enabled this API recently, wait a few minutes for the action to propagate to our systems and retry."},{"@type":"type.googleapis.com/google.rpc.Help","links":[{"description":"Google developers console API activation","url":"https://console.developers.google.com/apis/api/compute.googleapis.com/overview?project=879103597653"}]}]}}
[debug] [2026-06-16T12:25:04.316Z] unable to look up default compute service account. Falling back to 879103597653-compute@developer.gserviceaccount.com. Error: {"name":"FirebaseError","children":[],"context":{"body":{"error":{"code":403,"message":"Compute Engine API has not been used in project 879103597653 before or it is disabled. Enable it by visiting https://console.developers.google.com/apis/api/compute.googleapis.com/overview?project=879103597653 then retry. If you enabled this API recently, wait a few minutes for the action to propagate to our systems and retry.","errors":[{"message":"Compute Engine API has not been used in project 879103597653 before or it is disabled. Enable it by visiting https://console.developers.google.com/apis/api/compute.googleapis.com/overview?project=879103597653 then retry. If you enabled this API recently, wait a few minutes for the action to propagate to our systems and retry.","domain":"usageLimits","reason":"accessNotConfigured","extendedHelp":"https://console.developers.google.com"}],"status":"PERMISSION_DENIED","details":[{"@type":"type.googleapis.com/google.rpc.ErrorInfo","reason":"SERVICE_DISABLED","domain":"googleapis.com","metadata":{"service":"compute.googleapis.com","containerInfo":"879103597653","activationUrl":"https://console.developers.google.com/apis/api/compute.googleapis.com/overview?project=879103597653","consumer":"projects/879103597653","serviceTitle":"Compute Engine API"}},{"@type":"type.googleapis.com/google.rpc.LocalizedMessage","locale":"en-US","message":"Compute Engine API has not been used in project 879103597653 before or it is disabled. Enable it by visiting https://console.developers.google.com/apis/api/compute.googleapis.com/overview?project=879103597653 then retry. If you enabled this API recently, wait a few minutes for the action to propagate to our systems and retry."},{"@type":"type.googleapis.com/google.rpc.Help","links":[{"description":"Google developers console API activation","url":"https://console.developers.google.com/apis/api/compute.googleapis.com/overview?project=879103597653"}]}]}},"response":{"statusCode":403}},"exit":1,"message":"Request to https://compute.googleapis.com/compute/v1/projects/879103597653 had HTTP Error: 403, Compute Engine API has not been used in project 879103597653 before or it is disabled. Enable it by visiting https://console.developers.google.com/apis/api/compute.googleapis.com/overview?project=879103597653 then retry. If you enabled this API recently, wait a few minutes for the action to propagate to our systems and retry.","status":403}
[debug] [2026-06-16T12:25:04.316Z] Checked if tokens are valid: true, expires at: 1781616285894
[debug] [2026-06-16T12:25:04.316Z] Checked if tokens are valid: true, expires at: 1781616285894
[debug] [2026-06-16T12:25:04.316Z] >>> [apiv2][query] GET https://compute.googleapis.com/compute/v1/projects/879103597653 [none]
[debug] [2026-06-16T12:25:05.423Z] <<< [apiv2][status] GET https://compute.googleapis.com/compute/v1/projects/879103597653 403
[debug] [2026-06-16T12:25:05.423Z] <<< [apiv2][body] GET https://compute.googleapis.com/compute/v1/projects/879103597653 {"error":{"code":403,"message":"Compute Engine API has not been used in project 879103597653 before or it is disabled. Enable it by visiting https://console.developers.google.com/apis/api/compute.googleapis.com/overview?project=879103597653 then retry. If you enabled this API recently, wait a few minutes for the action to propagate to our systems and retry.","errors":[{"message":"Compute Engine API has not been used in project 879103597653 before or it is disabled. Enable it by visiting https://console.developers.google.com/apis/api/compute.googleapis.com/overview?project=879103597653 then retry. If you enabled this API recently, wait a few minutes for the action to propagate to our systems and retry.","domain":"usageLimits","reason":"accessNotConfigured","extendedHelp":"https://console.developers.google.com"}],"status":"PERMISSION_DENIED","details":[{"@type":"type.googleapis.com/google.rpc.ErrorInfo","reason":"SERVICE_DISABLED","domain":"googleapis.com","metadata":{"containerInfo":"879103597653","serviceTitle":"Compute Engine API","service":"compute.googleapis.com","consumer":"projects/879103597653","activationUrl":"https://console.developers.google.com/apis/api/compute.googleapis.com/overview?project=879103597653"}},{"@type":"type.googleapis.com/google.rpc.LocalizedMessage","locale":"en-US","message":"Compute Engine API has not been used in project 879103597653 before or it is disabled. Enable it by visiting https://console.developers.google.com/apis/api/compute.googleapis.com/overview?project=879103597653 then retry. If you enabled this API recently, wait a few minutes for the action to propagate to our systems and retry."},{"@type":"type.googleapis.com/google.rpc.Help","links":[{"description":"Google developers console API activation","url":"https://console.developers.google.com/apis/api/compute.googleapis.com/overview?project=879103597653"}]}]}}
[debug] [2026-06-16T12:25:05.423Z] unable to look up default compute service account. Falling back to 879103597653-compute@developer.gserviceaccount.com. Error: {"name":"FirebaseError","children":[],"context":{"body":{"error":{"code":403,"message":"Compute Engine API has not been used in project 879103597653 before or it is disabled. Enable it by visiting https://console.developers.google.com/apis/api/compute.googleapis.com/overview?project=879103597653 then retry. If you enabled this API recently, wait a few minutes for the action to propagate to our systems and retry.","errors":[{"message":"Compute Engine API has not been used in project 879103597653 before or it is disabled. Enable it by visiting https://console.developers.google.com/apis/api/compute.googleapis.com/overview?project=879103597653 then retry. If you enabled this API recently, wait a few minutes for the action to propagate to our systems and retry.","domain":"usageLimits","reason":"accessNotConfigured","extendedHelp":"https://console.developers.google.com"}],"status":"PERMISSION_DENIED","details":[{"@type":"type.googleapis.com/google.rpc.ErrorInfo","reason":"SERVICE_DISABLED","domain":"googleapis.com","metadata":{"containerInfo":"879103597653","serviceTitle":"Compute Engine API","service":"compute.googleapis.com","consumer":"projects/879103597653","activationUrl":"https://console.developers.google.com/apis/api/compute.googleapis.com/overview?project=879103597653"}},{"@type":"type.googleapis.com/google.rpc.LocalizedMessage","locale":"en-US","message":"Compute Engine API has not been used in project 879103597653 before or it is disabled. Enable it by visiting https://console.developers.google.com/apis/api/compute.googleapis.com/overview?project=879103597653 then retry. If you enabled this API recently, wait a few minutes for the action to propagate to our systems and retry."},{"@type":"type.googleapis.com/google.rpc.Help","links":[{"description":"Google developers console API activation","url":"https://console.developers.google.com/apis/api/compute.googleapis.com/overview?project=879103597653"}]}]}},"response":{"statusCode":403}},"exit":1,"message":"Request to https://compute.googleapis.com/compute/v1/projects/879103597653 had HTTP Error: 403, Compute Engine API has not been used in project 879103597653 before or it is disabled. Enable it by visiting https://console.developers.google.com/apis/api/compute.googleapis.com/overview?project=879103597653 then retry. If you enabled this API recently, wait a few minutes for the action to propagate to our systems and retry.","status":403}
[debug] [2026-06-16T12:25:05.423Z] Checked if tokens are valid: true, expires at: 1781616285894
[debug] [2026-06-16T12:25:05.423Z] Checked if tokens are valid: true, expires at: 1781616285894
[debug] [2026-06-16T12:25:05.423Z] >>> [apiv2][query] GET https://compute.googleapis.com/compute/v1/projects/879103597653 [none]
[debug] [2026-06-16T12:25:06.540Z] <<< [apiv2][status] GET https://compute.googleapis.com/compute/v1/projects/879103597653 403
[debug] [2026-06-16T12:25:06.540Z] <<< [apiv2][body] GET https://compute.googleapis.com/compute/v1/projects/879103597653 {"error":{"code":403,"message":"Compute Engine API has not been used in project 879103597653 before or it is disabled. Enable it by visiting https://console.developers.google.com/apis/api/compute.googleapis.com/overview?project=879103597653 then retry. If you enabled this API recently, wait a few minutes for the action to propagate to our systems and retry.","errors":[{"message":"Compute Engine API has not been used in project 879103597653 before or it is disabled. Enable it by visiting https://console.developers.google.com/apis/api/compute.googleapis.com/overview?project=879103597653 then retry. If you enabled this API recently, wait a few minutes for the action to propagate to our systems and retry.","domain":"usageLimits","reason":"accessNotConfigured","extendedHelp":"https://console.developers.google.com"}],"status":"PERMISSION_DENIED","details":[{"@type":"type.googleapis.com/google.rpc.ErrorInfo","reason":"SERVICE_DISABLED","domain":"googleapis.com","metadata":{"serviceTitle":"Compute Engine API","consumer":"projects/879103597653","activationUrl":"https://console.developers.google.com/apis/api/compute.googleapis.com/overview?project=879103597653","service":"compute.googleapis.com","containerInfo":"879103597653"}},{"@type":"type.googleapis.com/google.rpc.LocalizedMessage","locale":"en-US","message":"Compute Engine API has not been used in project 879103597653 before or it is disabled. Enable it by visiting https://console.developers.google.com/apis/api/compute.googleapis.com/overview?project=879103597653 then retry. If you enabled this API recently, wait a few minutes for the action to propagate to our systems and retry."},{"@type":"type.googleapis.com/google.rpc.Help","links":[{"description":"Google developers console API activation","url":"https://console.developers.google.com/apis/api/compute.googleapis.com/overview?project=879103597653"}]}]}}
[debug] [2026-06-16T12:25:06.541Z] unable to look up default compute service account. Falling back to 879103597653-compute@developer.gserviceaccount.com. Error: {"name":"FirebaseError","children":[],"context":{"body":{"error":{"code":403,"message":"Compute Engine API has not been used in project 879103597653 before or it is disabled. Enable it by visiting https://console.developers.google.com/apis/api/compute.googleapis.com/overview?project=879103597653 then retry. If you enabled this API recently, wait a few minutes for the action to propagate to our systems and retry.","errors":[{"message":"Compute Engine API has not been used in project 879103597653 before or it is disabled. Enable it by visiting https://console.developers.google.com/apis/api/compute.googleapis.com/overview?project=879103597653 then retry. If you enabled this API recently, wait a few minutes for the action to propagate to our systems and retry.","domain":"usageLimits","reason":"accessNotConfigured","extendedHelp":"https://console.developers.google.com"}],"status":"PERMISSION_DENIED","details":[{"@type":"type.googleapis.com/google.rpc.ErrorInfo","reason":"SERVICE_DISABLED","domain":"googleapis.com","metadata":{"serviceTitle":"Compute Engine API","consumer":"projects/879103597653","activationUrl":"https://console.developers.google.com/apis/api/compute.googleapis.com/overview?project=879103597653","service":"compute.googleapis.com","containerInfo":"879103597653"}},{"@type":"type.googleapis.com/google.rpc.LocalizedMessage","locale":"en-US","message":"Compute Engine API has not been used in project 879103597653 before or it is disabled. Enable it by visiting https://console.developers.google.com/apis/api/compute.googleapis.com/overview?project=879103597653 then retry. If you enabled this API recently, wait a few minutes for the action to propagate to our systems and retry."},{"@type":"type.googleapis.com/google.rpc.Help","links":[{"description":"Google developers console API activation","url":"https://console.developers.google.com/apis/api/compute.googleapis.com/overview?project=879103597653"}]}]}},"response":{"statusCode":403}},"exit":1,"message":"Request to https://compute.googleapis.com/compute/v1/projects/879103597653 had HTTP Error: 403, Compute Engine API has not been used in project 879103597653 before or it is disabled. Enable it by visiting https://console.developers.google.com/apis/api/compute.googleapis.com/overview?project=879103597653 then retry. If you enabled this API recently, wait a few minutes for the action to propagate to our systems and retry.","status":403}
[debug] [2026-06-16T12:25:06.541Z] Checked if tokens are valid: true, expires at: 1781616285894
[debug] [2026-06-16T12:25:06.541Z] Checked if tokens are valid: true, expires at: 1781616285894
[debug] [2026-06-16T12:25:06.541Z] >>> [apiv2][query] GET https://compute.googleapis.com/compute/v1/projects/879103597653 [none]
[debug] [2026-06-16T12:25:06.820Z] <<< [apiv2][status] GET https://compute.googleapis.com/compute/v1/projects/879103597653 403
[debug] [2026-06-16T12:25:06.821Z] <<< [apiv2][body] GET https://compute.googleapis.com/compute/v1/projects/879103597653 {"error":{"code":403,"message":"Compute Engine API has not been used in project 879103597653 before or it is disabled. Enable it by visiting https://console.developers.google.com/apis/api/compute.googleapis.com/overview?project=879103597653 then retry. If you enabled this API recently, wait a few minutes for the action to propagate to our systems and retry.","errors":[{"message":"Compute Engine API has not been used in project 879103597653 before or it is disabled. Enable it by visiting https://console.developers.google.com/apis/api/compute.googleapis.com/overview?project=879103597653 then retry. If you enabled this API recently, wait a few minutes for the action to propagate to our systems and retry.","domain":"usageLimits","reason":"accessNotConfigured","extendedHelp":"https://console.developers.google.com"}],"status":"PERMISSION_DENIED","details":[{"@type":"type.googleapis.com/google.rpc.ErrorInfo","reason":"SERVICE_DISABLED","domain":"googleapis.com","metadata":{"containerInfo":"879103597653","activationUrl":"https://console.developers.google.com/apis/api/compute.googleapis.com/overview?project=879103597653","service":"compute.googleapis.com","consumer":"projects/879103597653","serviceTitle":"Compute Engine API"}},{"@type":"type.googleapis.com/google.rpc.LocalizedMessage","locale":"en-US","message":"Compute Engine API has not been used in project 879103597653 before or it is disabled. Enable it by visiting https://console.developers.google.com/apis/api/compute.googleapis.com/overview?project=879103597653 then retry. If you enabled this API recently, wait a few minutes for the action to propagate to our systems and retry."},{"@type":"type.googleapis.com/google.rpc.Help","links":[{"description":"Google developers console API activation","url":"https://console.developers.google.com/apis/api/compute.googleapis.com/overview?project=879103597653"}]}]}}
[debug] [2026-06-16T12:25:06.821Z] unable to look up default compute service account. Falling back to 879103597653-compute@developer.gserviceaccount.com. Error: {"name":"FirebaseError","children":[],"context":{"body":{"error":{"code":403,"message":"Compute Engine API has not been used in project 879103597653 before or it is disabled. Enable it by visiting https://console.developers.google.com/apis/api/compute.googleapis.com/overview?project=879103597653 then retry. If you enabled this API recently, wait a few minutes for the action to propagate to our systems and retry.","errors":[{"message":"Compute Engine API has not been used in project 879103597653 before or it is disabled. Enable it by visiting https://console.developers.google.com/apis/api/compute.googleapis.com/overview?project=879103597653 then retry. If you enabled this API recently, wait a few minutes for the action to propagate to our systems and retry.","domain":"usageLimits","reason":"accessNotConfigured","extendedHelp":"https://console.developers.google.com"}],"status":"PERMISSION_DENIED","details":[{"@type":"type.googleapis.com/google.rpc.ErrorInfo","reason":"SERVICE_DISABLED","domain":"googleapis.com","metadata":{"containerInfo":"879103597653","activationUrl":"https://console.developers.google.com/apis/api/compute.googleapis.com/overview?project=879103597653","service":"compute.googleapis.com","consumer":"projects/879103597653","serviceTitle":"Compute Engine API"}},{"@type":"type.googleapis.com/google.rpc.LocalizedMessage","locale":"en-US","message":"Compute Engine API has not been used in project 879103597653 before or it is disabled. Enable it by visiting https://console.developers.google.com/apis/api/compute.googleapis.com/overview?project=879103597653 then retry. If you enabled this API recently, wait a few minutes for the action to propagate to our systems and retry."},{"@type":"type.googleapis.com/google.rpc.Help","links":[{"description":"Google developers console API activation","url":"https://console.developers.google.com/apis/api/compute.googleapis.com/overview?project=879103597653"}]}]}},"response":{"statusCode":403}},"exit":1,"message":"Request to https://compute.googleapis.com/compute/v1/projects/879103597653 had HTTP Error: 403, Compute Engine API has not been used in project 879103597653 before or it is disabled. Enable it by visiting https://console.developers.google.com/apis/api/compute.googleapis.com/overview?project=879103597653 then retry. If you enabled this API recently, wait a few minutes for the action to propagate to our systems and retry.","status":403}
[debug] [2026-06-16T12:25:06.822Z] Checked if tokens are valid: true, expires at: 1781616285894
[debug] [2026-06-16T12:25:06.822Z] Checked if tokens are valid: true, expires at: 1781616285894
[debug] [2026-06-16T12:25:06.822Z] >>> [apiv2][query] GET https://cloudbilling.googleapis.com/v1/projects/cuidar-proximo-e6d51/billingInfo [none]
[debug] [2026-06-16T12:25:07.961Z] <<< [apiv2][status] GET https://cloudbilling.googleapis.com/v1/projects/cuidar-proximo-e6d51/billingInfo 200
[debug] [2026-06-16T12:25:07.961Z] <<< [apiv2][body] GET https://cloudbilling.googleapis.com/v1/projects/cuidar-proximo-e6d51/billingInfo {"name":"projects/cuidar-proximo-e6d51/billingInfo","projectId":"cuidar-proximo-e6d51","billingAccountName":"billingAccounts/0100CD-B74540-B5540F","billingEnabled":true}
[debug] [2026-06-16T12:25:07.962Z] Checked if tokens are valid: true, expires at: 1781616285894
[debug] [2026-06-16T12:25:07.962Z] Checked if tokens are valid: true, expires at: 1781616285894
[debug] [2026-06-16T12:25:07.962Z] >>> [apiv2][query] POST https://cloudfunctions.googleapis.com/v2/projects/cuidar-proximo-e6d51/locations/us-central1/functions:generateUploadUrl [none]
[debug] [2026-06-16T12:25:09.078Z] <<< [apiv2][status] POST https://cloudfunctions.googleapis.com/v2/projects/cuidar-proximo-e6d51/locations/us-central1/functions:generateUploadUrl 200
[debug] [2026-06-16T12:25:09.078Z] <<< [apiv2][body] POST https://cloudfunctions.googleapis.com/v2/projects/cuidar-proximo-e6d51/locations/us-central1/functions:generateUploadUrl {"uploadUrl":"https://storage.googleapis.com/gcf-v2-uploads-879103597653.us-central1.cloudfunctions.appspot.com/a71db3dc-14d5-421e-b185-5a7860866cc7.zip?GoogleAccessId=service-879103597653@gcf-admin-robot.iam.gserviceaccount.com&Expires=1781614508&Signature=VWP1YxjusDfY3zwPoc7OnMwz59rjR%2BFlpKmRBOXzA31hSnx6oI0RoiyHS0H1ZxxybtUtalgVcF0P1h5tVatgD649ym9VkIghYUnGFkj%2BrODQOm5MsySImborTNvd9aZExFzS3mdLquWHliAiH8Lt51ZsuDTSNeaqIeJNpmxfr%2F1%2Bi7uFM9OWjIfgPz9%2F7N1cHGqbjlufl1To8n%2FuNrgz%2Bo2hOh96FGjZ8h18ie7vyIDHv4a8MWlenTJFCAQ0YDgvJTLeTCW8tHwCxnxaQh9W%2FeOdcsQn29JCxWoGvWC7t7uLSP7PkgI2Y%2BETBwHzTmN%2FgUwzz6qEP%2Blp00FTGXZnqw%3D%3D","storageSource":{"bucket":"gcf-v2-uploads-879103597653.us-central1.cloudfunctions.appspot.com","object":"a71db3dc-14d5-421e-b185-5a7860866cc7.zip"}}
[debug] [2026-06-16T12:25:09.079Z] >>> [apiv2][query] PUT https://storage.googleapis.com/gcf-v2-uploads-879103597653.us-central1.cloudfunctions.appspot.com/a71db3dc-14d5-421e-b185-5a7860866cc7.zip GoogleAccessId=service-879103597653%40gcf-admin-robot.iam.gserviceaccount.com&Expires=1781614508&Signature=VWP1YxjusDfY3zwPoc7OnMwz59rjR%2BFlpKmRBOXzA31hSnx6oI0RoiyHS0H1ZxxybtUtalgVcF0P1h5tVatgD649ym9VkIghYUnGFkj%2BrODQOm5MsySImborTNvd9aZExFzS3mdLquWHliAiH8Lt51ZsuDTSNeaqIeJNpmxfr%2F1%2Bi7uFM9OWjIfgPz9%2F7N1cHGqbjlufl1To8n%2FuNrgz%2Bo2hOh96FGjZ8h18ie7vyIDHv4a8MWlenTJFCAQ0YDgvJTLeTCW8tHwCxnxaQh9W%2FeOdcsQn29JCxWoGvWC7t7uLSP7PkgI2Y%2BETBwHzTmN%2FgUwzz6qEP%2Blp00FTGXZnqw%3D%3D
[debug] [2026-06-16T12:25:09.079Z] >>> [apiv2][body] PUT https://storage.googleapis.com/gcf-v2-uploads-879103597653.us-central1.cloudfunctions.appspot.com/a71db3dc-14d5-421e-b185-5a7860866cc7.zip [stream]
[debug] [2026-06-16T12:25:09.766Z] <<< [apiv2][status] PUT https://storage.googleapis.com/gcf-v2-uploads-879103597653.us-central1.cloudfunctions.appspot.com/a71db3dc-14d5-421e-b185-5a7860866cc7.zip 200
[debug] [2026-06-16T12:25:09.766Z] <<< [apiv2][body] PUT https://storage.googleapis.com/gcf-v2-uploads-879103597653.us-central1.cloudfunctions.appspot.com/a71db3dc-14d5-421e-b185-5a7860866cc7.zip [omitted]
[info] +  functions: functions source uploaded successfully 
[info] 
The following functions are found in your project but do not exist in your local source code:
	criarPagamentoPix(us-central1)

If you are renaming a function or changing its region, it is recommended that you create the new function first before deleting the old one to prevent event loss. For more info, visit https://firebase.google.com/docs/functions/manage-functions#modify

